<?xml version="1.0" encoding="UTF-8"?>
<testsuite name="TestPizza" tests="2" skipped="0" failures="0" errors="0" timestamp="2022-04-26T00:29:48" hostname="BR0C02FJ6C4MD6M" time="0.022">
  <properties/>
  <testcase name="test()" classname="TestPizza" time="0.021"/>
  <testcase name="testIngredientes()" classname="TestPizza" time="0.001"/>
  <system-out><![CDATA[]]></system-out>
  <system-err><![CDATA[]]></system-err>
</testsuite>
